<?xml version="1.0" encoding="UTF-8"?>
<testsuite xmlns:xsi="http://www.w3.org/2001/XMLSchema-instance" xsi:noNamespaceSchemaLocation="https://maven.apache.org/surefire/maven-surefire-plugin/xsd/surefire-test-report-3.0.xsd" version="3.0" name="runners.TestRunner" time="26.433" tests="2" errors="0" skipped="0" failures="0">
  <properties>
[...]
</properties>
  <testcase name="Realizar busca com informações validas #1" classname="Realizar busca no blog Agibank" time="13.304">
    <system-out><![CDATA[
Scenario: Realizar busca com informações validas                       # src/test/resources/features/busca.feature:3
  Given que o usuário está na página inicial                           # steps.BuscaSteps.realizar_busca()
Erro ao tentar realizar a busca: Expected condition failed: waiting for element to be clickable: By.id: search-field (tried for 10 second(s) with 500 milliseconds interval)
Build info: version: '4.18.1', revision: 'b1d3319b48'
System info: os.name: 'Windows 10', os.arch: 'amd64', os.version: '10.0', java.version: '21'
Driver info: org.openqa.selenium.chrome.ChromeDriver
Capabilities {acceptInsecureCerts: false, browserName: chrome, browserVersion: 134.0.6998.166, chrome: {chromedriverVersion: 134.0.6998.165 (fd886e2cb29..., userDataDir: C:\Users\GUIFRA~1\AppData\L...}, fedcm:accounts: true, goog:chromeOptions: {debuggerAddress: localhost:49180}, networkConnectionEnabled: false, pageLoadStrategy: normal, platformName: windows, proxy: Proxy(), se:cdp: ws://localhost:49180/devtoo..., se:cdpVersion: 134.0.6998.166, setWindowRect: true, strictFileInteractability: false, timeouts: {implicit: 0, pageLoad: 300000, script: 30000}, unhandledPromptBehavior: dismiss and notify, webauthn:extension:credBlob: true, webauthn:extension:largeBlob: true, webauthn:extension:minPinLength: true, webauthn:extension:prf: true, webauthn:virtualAuthenticators: true}
Session ID: 0abe71bbe50eb2313909f04b3f88e6b5
Navegação direta para URL de busca: https://blogdoagi.com.br/?s=Economia
  When ele clica na busca e a realiza "Economia"                       # steps.BuscaSteps.realizar_busca(java.lang.String)
  Then ele deve ver a mensagem "Resultados encontrados para: Economia" # steps.BuscaSteps.verificar_mensagem(java.lang.String)
]]></system-out>
    <system-err><![CDATA[mar. 26, 2025 5:05:46 PM org.openqa.selenium.devtools.CdpVersionFinder findNearestMatch
WARNING: Unable to find CDP implementation matching 134
mar. 26, 2025 5:05:46 PM org.openqa.selenium.chromium.ChromiumDriver lambda$new$5
WARNING: Unable to find version of CDP to use for 134.0.6998.166. You may need to include a dependency on a specific version of the CDP using something similar to `org.seleniumhq.selenium:selenium-devtools-v86:4.18.1` where the version ("v86") matches the version of the chromium-based browser you're using and the version number of the artifact is the same as Selenium's.
]]></system-err>
  </testcase>
  <testcase name="Realizar busca com informações validas #2" classname="Realizar busca no blog Agibank" time="12.538">
    <system-out><![CDATA[
Scenario: Realizar busca com informações validas                                                                                               # src/test/resources/features/busca.feature:8
  Given que o usuário está na página inicial                                                                                                   # steps.BuscaSteps.realizar_busca()
  When ele clica no botão da busca                                                                                                             # steps.BuscaSteps.clicar_busca()
Erro ao tentar realizar a busca: Expected condition failed: waiting for element to be clickable: By.id: search-field (tried for 10 second(s) with 500 milliseconds interval)
Build info: version: '4.18.1', revision: 'b1d3319b48'
System info: os.name: 'Windows 10', os.arch: 'amd64', os.version: '10.0', java.version: '21'
Driver info: org.openqa.selenium.chrome.ChromeDriver
Capabilities {acceptInsecureCerts: false, browserName: chrome, browserVersion: 134.0.6998.166, chrome: {chromedriverVersion: 134.0.6998.165 (fd886e2cb29..., userDataDir: C:\Users\GUIFRA~1\AppData\L...}, fedcm:accounts: true, goog:chromeOptions: {debuggerAddress: localhost:49222}, networkConnectionEnabled: false, pageLoadStrategy: normal, platformName: windows, proxy: Proxy(), se:cdp: ws://localhost:49222/devtoo..., se:cdpVersion: 134.0.6998.166, setWindowRect: true, strictFileInteractability: false, timeouts: {implicit: 0, pageLoad: 300000, script: 30000}, unhandledPromptBehavior: dismiss and notify, webauthn:extension:credBlob: true, webauthn:extension:largeBlob: true, webauthn:extension:minPinLength: true, webauthn:extension:prf: true, webauthn:virtualAuthenticators: true}
Session ID: 059e5ac7a9b1fcc8905e8a8e0798c55c
Navegação direta para URL de busca: https://blogdoagi.com.br/?s=2121)(32?;/
  And ele clica na busca e a realiza "2121)(32?;/"                                                                                             # steps.BuscaSteps.realizar_busca(java.lang.String)
  Then ele deve ver a mensagem de falha na busca "Lamentamos, mas nada foi encontrado para sua pesquisa, tente novamente com outras palavras." # steps.BuscaSteps.verificarMensagemSemResultado(java.lang.String)
]]></system-out>
    <system-err><![CDATA[mar. 26, 2025 5:05:59 PM org.openqa.selenium.devtools.CdpVersionFinder findNearestMatch
WARNING: Unable to find CDP implementation matching 134
mar. 26, 2025 5:05:59 PM org.openqa.selenium.chromium.ChromiumDriver lambda$new$5
WARNING: Unable to find version of CDP to use for 134.0.6998.166. You may need to include a dependency on a specific version of the CDP using something similar to `org.seleniumhq.selenium:selenium-devtools-v86:4.18.1` where the version ("v86") matches the version of the chromium-based browser you're using and the version number of the artifact is the same as Selenium's.
]]></system-err>
  </testcase>
</testsuite>